<?xml version="1.0" encoding="UTF-8"?>
<testng-results ignored="0" total="2" passed="2" failed="0" skipped="0">
  <reporter-output>
  </reporter-output>
  <suite started-at="2024-01-31T13:03:48 IST" name="Default suite" finished-at="2024-01-31T13:04:18 IST" duration-ms="30222">
    <groups>
    </groups>
    <test started-at="2024-01-31T13:03:48 IST" name="Default test" finished-at="2024-01-31T13:04:18 IST" duration-ms="30222">
      <class name="starthealthScenario2.TestStarthealthLink">
        <test-method is-config="true" signature="startBrowser()[pri:0, instance:starthealthScenario2.TestStarthealthLink@28261e8e]" started-at="2024-01-31T13:03:48 IST" name="startBrowser" finished-at="2024-01-31T13:04:15 IST" duration-ms="27062" status="PASS">
          <reporter-output>
          </reporter-output>
        </test-method> <!-- startBrowser -->
        <test-method signature="click_onPlans()[pri:49, instance:starthealthScenario2.TestStarthealthLink@28261e8e]" started-at="2024-01-31T13:04:16 IST" name="click_onPlans" finished-at="2024-01-31T13:04:18 IST" duration-ms="2381" status="PASS">
          <reporter-output>
          </reporter-output>
        </test-method> <!-- click_onPlans -->
        <test-method signature="click_on_option()[pri:50, instance:starthealthScenario2.TestStarthealthLink@28261e8e]" started-at="2024-01-31T13:04:18 IST" name="click_on_option" finished-at="2024-01-31T13:04:18 IST" duration-ms="361" status="PASS">
          <reporter-output>
          </reporter-output>
        </test-method> <!-- click_on_option -->
      </class> <!-- starthealthScenario2.TestStarthealthLink -->
    </test> <!-- Default test -->
  </suite> <!-- Default suite -->
</testng-results>
